<?xml version="1.0" encoding="UTF-8"?>
<testng-results ignored="0" total="6" passed="6" failed="0" skipped="0">
  <reporter-output>
  </reporter-output>
  <suite started-at="2024-03-14T18:36:40 IST" name="Default suite" finished-at="2024-03-14T18:37:21 IST" duration-ms="40695">
    <groups>
    </groups>
    <test started-at="2024-03-14T18:36:40 IST" name="Default test" finished-at="2024-03-14T18:37:21 IST" duration-ms="40695">
      <class name="com.ecommerce.AutomateFlipkart">
        <test-method is-config="true" signature="launchBrowser()[pri:0, instance:com.ecommerce.AutomateFlipkart@793f29ff]" started-at="2024-03-14T18:36:40 IST" name="launchBrowser" finished-at="2024-03-14T18:36:51 IST" duration-ms="10813" status="PASS">
          <reporter-output>
          </reporter-output>
        </test-method> <!-- launchBrowser -->
        <test-method signature="testPerformance()[pri:0, instance:com.ecommerce.AutomateFlipkart@793f29ff]" started-at="2024-03-14T18:36:51 IST" name="testPerformance" finished-at="2024-03-14T18:36:51 IST" duration-ms="254" status="PASS">
          <reporter-output>
          </reporter-output>
        </test-method> <!-- testPerformance -->
        <test-method signature="testFlipkartPage()[pri:1, instance:com.ecommerce.AutomateFlipkart@793f29ff]" started-at="2024-03-14T18:36:51 IST" name="testFlipkartPage" finished-at="2024-03-14T18:37:08 IST" duration-ms="16552" status="PASS">
          <reporter-output>
          </reporter-output>
        </test-method> <!-- testFlipkartPage -->
        <test-method signature="imageLoadedOrNot()[pri:2, instance:com.ecommerce.AutomateFlipkart@793f29ff]" started-at="2024-03-14T18:37:08 IST" name="imageLoadedOrNot" finished-at="2024-03-14T18:37:08 IST" duration-ms="20" status="PASS">
          <reporter-output>
          </reporter-output>
        </test-method> <!-- imageLoadedOrNot -->
        <test-method signature="scrollBarSearch()[pri:3, instance:com.ecommerce.AutomateFlipkart@793f29ff]" started-at="2024-03-14T18:37:08 IST" name="scrollBarSearch" finished-at="2024-03-14T18:37:08 IST" duration-ms="12" status="PASS">
          <reporter-output>
          </reporter-output>
        </test-method> <!-- scrollBarSearch -->
        <test-method signature="scrollToBottom()[pri:4, instance:com.ecommerce.AutomateFlipkart@793f29ff]" started-at="2024-03-14T18:37:08 IST" name="scrollToBottom" finished-at="2024-03-14T18:37:11 IST" duration-ms="3048" status="PASS">
          <reporter-output>
          </reporter-output>
        </test-method> <!-- scrollToBottom -->
        <test-method signature="changeResolution()[pri:5, instance:com.ecommerce.AutomateFlipkart@793f29ff]" started-at="2024-03-14T18:37:11 IST" name="changeResolution" finished-at="2024-03-14T18:37:14 IST" duration-ms="3360" status="PASS">
          <reporter-output>
          </reporter-output>
        </test-method> <!-- changeResolution -->
        <test-method is-config="true" signature="closeBrowser()[pri:0, instance:com.ecommerce.AutomateFlipkart@793f29ff]" started-at="2024-03-14T18:37:14 IST" name="closeBrowser" finished-at="2024-03-14T18:37:21 IST" duration-ms="6495" status="PASS">
          <reporter-output>
          </reporter-output>
        </test-method> <!-- closeBrowser -->
      </class> <!-- com.ecommerce.AutomateFlipkart -->
    </test> <!-- Default test -->
  </suite> <!-- Default suite -->
</testng-results>
