<?xml version="1.0" encoding="UTF-8"?>
<!-- Generated by org.testng.reporters.JUnitXMLReporter -->
<testsuite ignored="0" hostname="Varaprasad" failures="0" tests="6" name="Default test" time="40.695" errors="0" timestamp="2024-03-14T18:37:21 IST">
  <testcase classname="com.ecommerce.AutomateFlipkart" name="testPerformance" time="0.254"/>
  <testcase classname="com.ecommerce.AutomateFlipkart" name="testFlipkartPage" time="16.552"/>
  <testcase classname="com.ecommerce.AutomateFlipkart" name="imageLoadedOrNot" time="0.02"/>
  <testcase classname="com.ecommerce.AutomateFlipkart" name="scrollBarSearch" time="0.012"/>
  <testcase classname="com.ecommerce.AutomateFlipkart" name="scrollToBottom" time="3.048"/>
  <testcase classname="com.ecommerce.AutomateFlipkart" name="changeResolution" time="3.36"/>
</testsuite> <!-- Default test -->
