<?xml version="1.0" encoding="UTF-8"?>
<!-- Generated by org.testng.reporters.JUnitXMLReporter -->
<testsuite ignored="1" hostname="Varaprasad" failures="0" tests="11" name="Test" time="26.621" errors="0" timestamp="2024-03-07T09:18:33 IST">
  <testcase classname="com.sl.DummyTest" name="f2" time="0.016"/>
  <testcase classname="com.sl.DummyTest" name="f5" time="0.006"/>
  <testcase classname="com.sl.DummyTest" name="f6" time="0.002"/>
  <testcase classname="com.sl.DummyTest" name="f4" time="0.005"/>
  <testcase classname="com.sl.DummyTest" name="f1" time="0.015"/>
  <testcase classname="com.sl.GoogleRegistration" name="googleNewAccCreation" time="8.412"/>
  <testcase classname="com.sl.FBRegistration" name="fbAccount" time="9.171"/>
  <testcase classname="com.sl.GoogleRegistration" name="googleNewAccCreation" time="2.427"/>
  <testcase classname="com.sl.GoogleRegistration" name="googleNewAccCreation" time="2.171"/>
  <testcase classname="com.sl.GoogleSearch" name="searchGoogleAndTestTitleText" time="4.517"/>
  <testcase classname="com.sl.GoogleSearch" name="testGoogleSearchTextFeildContainsFlowers" time="4.616"/>
  <testcase classname="com.sl.DummyTest" name="f3" time="0.0">
    <ignored/>
  </testcase> <!-- f3 -->
</testsuite> <!-- Test -->
