<?xml version="1.0" encoding="UTF-8"?>
<testng-results ignored="0" total="1" passed="1" failed="0" skipped="0">
  <reporter-output>
  </reporter-output>
  <suite started-at="2024-03-06T18:59:44 IST" name="Default suite" finished-at="2024-03-06T18:59:47 IST" duration-ms="2902">
    <groups>
    </groups>
    <test started-at="2024-03-06T18:59:44 IST" name="Default test" finished-at="2024-03-06T18:59:47 IST" duration-ms="2902">
      <class name="com.sl.GoogleSearch">
        <test-method signature="testGoogleSearchTextFeildContainsFlowers()[pri:0, instance:com.sl.GoogleSearch@773c0293]" started-at="2024-03-06T18:59:44 IST" name="testGoogleSearchTextFeildContainsFlowers" finished-at="2024-03-06T18:59:47 IST" duration-ms="2778" status="PASS">
          <reporter-output>
          </reporter-output>
        </test-method> <!-- testGoogleSearchTextFeildContainsFlowers -->
      </class> <!-- com.sl.GoogleSearch -->
    </test> <!-- Default test -->
  </suite> <!-- Default suite -->
</testng-results>
